#
# There is insufficient memory for the Java Runtime Environment to continue.
# Native memory allocation (mmap) failed to map 257949696 bytes. Error detail: G1 virtual space
# Possible reasons:
#   The system is out of physical RAM or swap space
#   This process is running with CompressedOops enabled, and the Java Heap may be blocking the growth of the native heap
# Possible solutions:
#   Reduce memory load on the system
#   Increase physical memory or swap space
#   Check if swap backing store is full
#   Decrease Java heap size (-Xmx/-Xms)
#   Decrease number of Java threads
#   Decrease Java thread stack sizes (-Xss)
#   Set larger code cache with -XX:ReservedCodeCacheSize=
#   JVM is running with Zero Based Compressed Oops mode in which the Java heap is
#     placed in the first 32GB address space. The Java Heap base address is the
#     maximum limit for the native heap growth. Please use -XX:HeapBaseMinAddress
#     to set the Java Heap base and to place the Java Heap above 32GB virtual address.
# This output file may be truncated or incomplete.
#
#  Out of Memory Error (os_windows.cpp:3828), pid=16536, tid=27192
#
# JRE version:  (21.0.5+8) (build )
# Java VM: OpenJDK 64-Bit Server VM (21.0.5+8-b631.30, mixed mode, sharing, tiered, compressed oops, compressed class ptrs, g1 gc, windows-amd64)
# No core dump will be written. Minidumps are not enabled by default on client versions of Windows
#

---------------  S U M M A R Y ------------

Command Line: git4idea.http.GitAskPassApp Username for 'https://github.com': 

Host: AMD Ryzen 5 4600H with Radeon Graphics         , 12 cores, 15G,  Windows 10 , 64 bit Build 19041 (10.0.19041.5438)
Time: Wed Apr  9 09:24:57 2025  Windows 10 , 64 bit Build 19041 (10.0.19041.5438) elapsed time: 0.009705 seconds (0d 0h 0m 0s)

---------------  T H R E A D  ---------------

Current thread (0x0000026354ee4020):  JavaThread "Unknown thread" [_thread_in_vm, id=27192, stack(0x000000ffa1900000,0x000000ffa1a00000) (1024K)]

Stack: [0x000000ffa1900000,0x000000ffa1a00000]
Native frames: (J=compiled Java code, j=interpreted, Vv=VM code, C=native code)
V  [jvm.dll+0x6e52b9]
V  [jvm.dll+0x8c3633]
V  [jvm.dll+0x8c5b8e]
V  [jvm.dll+0x8c6273]
V  [jvm.dll+0x288f46]
V  [jvm.dll+0x6e1a35]
V  [jvm.dll+0x6d5e3a]
V  [jvm.dll+0x3634bb]
V  [jvm.dll+0x36b086]
V  [jvm.dll+0x3bd346]
V  [jvm.dll+0x3bd618]
V  [jvm.dll+0x335c2c]
V  [jvm.dll+0x33691b]
V  [jvm.dll+0x88aa89]
V  [jvm.dll+0x3ca518]
V  [jvm.dll+0x873b98]
V  [jvm.dll+0x45eede]
V  [jvm.dll+0x460bc1]
C  [jli.dll+0x52ab]
C  [ucrtbase.dll+0x21bb2]
C  [KERNEL32.DLL+0x17374]
C  [ntdll.dll+0x4cc91]


---------------  P R O C E S S  ---------------

Threads class SMR info:
_java_thread_list=0x00007ff9c588a148, length=0, elements={
}

Java Threads: ( => current thread )
Total: 0

Other Threads:
  0x0000026355228900 WorkerThread "GC Thread#0"                     [id=30904, stack(0x000000ffa1a00000,0x000000ffa1b00000) (1024K)]
  0x000002635523a0b0 ConcurrentGCThread "G1 Main Marker"            [id=21524, stack(0x000000ffa1b00000,0x000000ffa1c00000) (1024K)]
  0x000002635523abb0 WorkerThread "G1 Conc#0"                       [id=19280, stack(0x000000ffa1c00000,0x000000ffa1d00000) (1024K)]

[error occurred during error reporting (printing all threads), id 0xc0000005, EXCEPTION_ACCESS_VIOLATION (0xc0000005) at pc=0x00007ff9c4f78ce7]
VM state: not at safepoint (not fully initialized)

VM Mutex/Monitor currently owned by a thread:  ([mutex/lock_event])
[0x00007ff9c58feb30] Heap_lock - owner thread: 0x0000026354ee4020

Heap address: 0x000000070a000000, size: 3936 MB, Compressed Oops mode: Zero based, Oop shift amount: 3

CDS archive(s) mapped at: [0x0000000000000000-0x0000000000000000-0x0000000000000000), size 0, SharedBaseAddress: 0x0000000800000000, ArchiveRelocationMode: 1.
Narrow klass base: 0x0000000000000000, Narrow klass shift: 0, Narrow klass range: 0x0

GC Precious Log:
 CardTable entry size: 512
 Card Set container configuration: InlinePtr #cards 4 size 8 Array Of Cards #cards 16 size 48 Howl #buckets 8 coarsen threshold 3686 Howl Bitmap #cards 512 size 80 coarsen threshold 460 Card regions per heap region 1 cards per card region 4096

Heap:
 garbage-first heap   total 0K, used 0K [0x000000070a000000, 0x0000000800000000)
  region size 2048K, 0 young (0K), 0 survivors (0K)
 Metaspace       used 0K, committed 0K, reserved 0K
  class space    used 0K, committed 0K, reserved 0K

Heap Regions: E=young(eden), S=young(survivor), O=old, HS=humongous(starts), HC=humongous(continues), CS=collection set, F=free, TAMS=top-at-mark-start, PB=parsable bottom

Card table byte_map: [0x000002636ad90000,0x000002636b540000] _byte_map_base: 0x0000026367540000

Marking Bits: (CMBitMap*) 0x0000026355229000
 Bits: [0x000002636b540000, 0x000002636f2c0000)

GC Heap History (0 events):
No events

Dll operation events (1 events):
Event: 0.006 Loaded shared library C:\Program Files\JetBrains\IntelliJ IDEA 2024.3.2.2\jbr\bin\java.dll

Deoptimization events (0 events):
No events

Classes loaded (0 events):
No events

Classes unloaded (0 events):
No events

Classes redefined (0 events):
No events

Internal exceptions (0 events):
No events

ZGC Phase Switch (0 events):
No events

VM Operations (0 events):
No events

Memory protections (0 events):
No events

Nmethod flushes (0 events):
No events

Events (0 events):
No events


Dynamic libraries:
0x00007ff6ff6d0000 - 0x00007ff6ff6da000 	C:\Program Files\JetBrains\IntelliJ IDEA 2024.3.2.2\jbr\bin\java.exe
0x00007ffa127d0000 - 0x00007ffa129c8000 	C:\WINDOWS\SYSTEM32\ntdll.dll
0x00007ffa12530000 - 0x00007ffa125f2000 	C:\WINDOWS\System32\KERNEL32.DLL
0x00007ffa0fe70000 - 0x00007ffa1016f000 	C:\WINDOWS\System32\KERNELBASE.dll
0x00007ffa10580000 - 0x00007ffa10680000 	C:\WINDOWS\System32\ucrtbase.dll
0x00007ffa0bf80000 - 0x00007ffa0bf98000 	C:\Program Files\JetBrains\IntelliJ IDEA 2024.3.2.2\jbr\bin\jli.dll
0x00007ffa0c290000 - 0x00007ffa0c2ab000 	C:\Program Files\JetBrains\IntelliJ IDEA 2024.3.2.2\jbr\bin\VCRUNTIME140.dll
0x00007ffa10c70000 - 0x00007ffa10e0d000 	C:\WINDOWS\System32\USER32.dll
0x00007ff9f5f00000 - 0x00007ff9f619a000 	C:\WINDOWS\WinSxS\amd64_microsoft.windows.common-controls_6595b64144ccf1df_6.0.19041.4355_none_60b8b9eb71f62e16\COMCTL32.dll
0x00007ffa10300000 - 0x00007ffa10322000 	C:\WINDOWS\System32\win32u.dll
0x00007ffa12500000 - 0x00007ffa1252b000 	C:\WINDOWS\System32\GDI32.dll
0x00007ffa12370000 - 0x00007ffa1240e000 	C:\WINDOWS\System32\msvcrt.dll
0x00007ffa10680000 - 0x00007ffa1079a000 	C:\WINDOWS\System32\gdi32full.dll
0x00007ffa103a0000 - 0x00007ffa1043d000 	C:\WINDOWS\System32\msvcp_win.dll
0x00007ffa12600000 - 0x00007ffa1262f000 	C:\WINDOWS\System32\IMM32.DLL
0x00007ffa0d4d0000 - 0x00007ffa0d4dc000 	C:\Program Files\JetBrains\IntelliJ IDEA 2024.3.2.2\jbr\bin\vcruntime140_1.dll
0x00007ff9d9b50000 - 0x00007ff9d9bdd000 	C:\Program Files\JetBrains\IntelliJ IDEA 2024.3.2.2\jbr\bin\msvcp140.dll
0x00007ff9c4c30000 - 0x00007ff9c59f1000 	C:\Program Files\JetBrains\IntelliJ IDEA 2024.3.2.2\jbr\bin\server\jvm.dll
0x00007ffa11c20000 - 0x00007ffa11ccf000 	C:\WINDOWS\System32\ADVAPI32.dll
0x00007ffa11cd0000 - 0x00007ffa11d6f000 	C:\WINDOWS\System32\sechost.dll
0x00007ffa12240000 - 0x00007ffa12363000 	C:\WINDOWS\System32\RPCRT4.dll
0x00007ffa10170000 - 0x00007ffa10197000 	C:\WINDOWS\System32\bcrypt.dll
0x00007ffa11750000 - 0x00007ffa117bb000 	C:\WINDOWS\System32\WS2_32.dll
0x00007ffa0f400000 - 0x00007ffa0f44b000 	C:\WINDOWS\SYSTEM32\POWRPROF.dll
0x00007ffa055c0000 - 0x00007ffa055ca000 	C:\WINDOWS\SYSTEM32\VERSION.dll
0x00007ffa03db0000 - 0x00007ffa03dd7000 	C:\WINDOWS\SYSTEM32\WINMM.dll
0x00007ffa0f270000 - 0x00007ffa0f282000 	C:\WINDOWS\SYSTEM32\UMPDC.dll
0x00007ffa0dcf0000 - 0x00007ffa0dd02000 	C:\WINDOWS\SYSTEM32\kernel.appcore.dll
0x00007ffa0c300000 - 0x00007ffa0c30a000 	C:\Program Files\JetBrains\IntelliJ IDEA 2024.3.2.2\jbr\bin\jimage.dll
0x00007ffa03470000 - 0x00007ffa03654000 	C:\WINDOWS\SYSTEM32\DBGHELP.DLL
0x00007ff9e7ff0000 - 0x00007ff9e8024000 	C:\WINDOWS\SYSTEM32\dbgcore.DLL
0x00007ffa104f0000 - 0x00007ffa10572000 	C:\WINDOWS\System32\bcryptPrimitives.dll
0x00007ffa0bf30000 - 0x00007ffa0bf50000 	C:\Program Files\JetBrains\IntelliJ IDEA 2024.3.2.2\jbr\bin\java.dll

dbghelp: loaded successfully - version: 4.0.5 - missing functions: none
symbol engine: initialized successfully - sym options: 0x614 - pdb path: .;C:\Program Files\JetBrains\IntelliJ IDEA 2024.3.2.2\jbr\bin;C:\WINDOWS\SYSTEM32;C:\WINDOWS\WinSxS\amd64_microsoft.windows.common-controls_6595b64144ccf1df_6.0.19041.4355_none_60b8b9eb71f62e16;C:\Program Files\JetBrains\IntelliJ IDEA 2024.3.2.2\jbr\bin\server

VM Arguments:
java_command: git4idea.http.GitAskPassApp Username for 'https://github.com': 
java_class_path (initial): C:/Program Files/JetBrains/IntelliJ IDEA 2024.3.2.2/plugins/vcs-git/lib/git4idea-rt.jar;C:/Program Files/JetBrains/IntelliJ IDEA 2024.3.2.2/lib/externalProcess-rt.jar
Launcher Type: SUN_STANDARD

[Global flags]
     intx CICompilerCount                          = 4                                         {product} {ergonomic}
     uint ConcGCThreads                            = 3                                         {product} {ergonomic}
     uint G1ConcRefinementThreads                  = 10                                        {product} {ergonomic}
   size_t G1HeapRegionSize                         = 2097152                                   {product} {ergonomic}
    uintx GCDrainStackTargetSize                   = 64                                        {product} {ergonomic}
   size_t InitialHeapSize                          = 257949696                                 {product} {ergonomic}
   size_t MarkStackSize                            = 4194304                                   {product} {ergonomic}
   size_t MaxHeapSize                              = 4127195136                                {product} {ergonomic}
   size_t MinHeapDeltaBytes                        = 2097152                                   {product} {ergonomic}
   size_t MinHeapSize                              = 8388608                                   {product} {ergonomic}
    uintx NonNMethodCodeHeapSize                   = 5839372                                {pd product} {ergonomic}
    uintx NonProfiledCodeHeapSize                  = 122909434                              {pd product} {ergonomic}
    uintx ProfiledCodeHeapSize                     = 122909434                              {pd product} {ergonomic}
    uintx ReservedCodeCacheSize                    = 251658240                              {pd product} {ergonomic}
     bool SegmentedCodeCache                       = true                                      {product} {ergonomic}
   size_t SoftMaxHeapSize                          = 4127195136                             {manageable} {ergonomic}
     bool UseCompressedOops                        = true                           {product lp64_product} {ergonomic}
     bool UseG1GC                                  = true                                      {product} {ergonomic}
     bool UseLargePagesIndividualAllocation        = false                                  {pd product} {ergonomic}

Logging:
Log output configuration:
 #0: stdout all=warning uptime,level,tags foldmultilines=false
 #1: stderr all=off uptime,level,tags foldmultilines=false

Environment Variables:
PATH=C:/Program Files/Git/mingw64/libexec/git-core;C:/Program Files/Git/mingw64/libexec/git-core;C:\Program Files\Git\mingw64\bin;C:\Program Files\Git\usr\bin;C:\Users\dekha\bin;C:\Program Files\Common Files\Oracle\Java\javapath;C:\Program Files (x86)\VMware\VMware Player\bin\;C:\Program Files (x86)\Common Files\Oracle\Java\javapath;C:\WINDOWS\system32;C:\WINDOWS;C:\WINDOWS\System32\Wbem;C:\WINDOWS\System32\WindowsPowerShell\v1.0\;C:\WINDOWS\System32\OpenSSH\;C:\Program Files\dotnet\;C:\Program Files (x86)\Windows Kits\10\Windows Performance Toolkit\;C:\Program Files (x86)\NVIDIA Corporation\PhysX\Common;C:\Program Files\NVIDIA Corporation\NVIDIA NvDLISR;C:\Program Files\Microsoft SQL Server\120\Tools\Binn\;C:\Program Files\Git\cmd;C:\Program Files\PuTTY\;C:\Program Files\Steel Bank Common Lisp\;C:\Program Files\nodejs\;C:\Program Files\WireGuard\;C:\Users\dekha\AppData\Local\Programs\Python\Launcher\;C:\Users\dekha\AppData\Local\Microsoft\WindowsApps;C:\Users\dekha\.dotnet\tools;C:\Users\dekha\AppData\Local\GitHubDesktop\bin;C:\Users\dekha\AppData\Local\Programs\Python\Python312\python.exe;C:\Users\dekha\AppData\Local\Programs\Python\Python312\;C:\Users\dekha\AppData\Local\Programs\Microsoft VS Code\bin;C:\Users\dekha\AppData\Roaming\npm;C:\Program Files\Apache\apache-maven-3.9.9\bin
USERNAME=dekha
DISPLAY=:0.0
LC_ALL=en_US.UTF-8
TERM=xterm-256color
TMPDIR=C:\Users\dekha\AppData\Local\Temp
OS=Windows_NT
PROCESSOR_IDENTIFIER=AMD64 Family 23 Model 96 Stepping 1, AuthenticAMD
TMP=C:\Users\dekha\AppData\Local\Temp
TEMP=C:\Users\dekha\AppData\Local\Temp




Periodic native trim disabled

JNI global refs:
JNI global refs: 0, weak refs: 0

JNI global refs memory usage: 0, weak refs: 0

Process memory usage:
Resident Set Size: 11472K (0% of 16119108K total physical memory with 2148368K free physical memory)

OOME stack traces (most recent first):
Classloader memory used:

---------------  S Y S T E M  ---------------

OS:
 Windows 10 , 64 bit Build 19041 (10.0.19041.5438)
OS uptime: 15 days 13:18 hours

CPU: total 12 (initial active 12) (12 cores per cpu, 2 threads per core) family 23 model 96 stepping 1 microcode 0x0, cx8, cmov, fxsr, ht, mmx, 3dnowpref, sse, sse2, sse3, ssse3, sse4a, sse4.1, sse4.2, popcnt, lzcnt, tsc, tscinvbit, avx, avx2, aes, clmul, bmi1, bmi2, adx, sha, fma, vzeroupper, clflush, clflushopt, rdtscp, rdpid, f16c
Processor Information for all 12 processors :
  Max Mhz: 3000, Current Mhz: 3000, Mhz Limit: 3000

Memory: 4k page, system-wide physical 15741M (2098M free)
TotalPageFile size 64893M (AvailPageFile size 210M)
current process WorkingSet (physical memory assigned to process): 11M, peak: 11M
current process commit charge ("private bytes"): 64M, peak: 310M

vm_info: OpenJDK 64-Bit Server VM (21.0.5+8-b631.30) for windows-amd64 JRE (21.0.5+8-b631.30), built on 2024-12-06 by "builduser" with MS VC++ 16.10 / 16.11 (VS2019)

END.
